[        Platform] [  LOG] [18:09:49]  Openplanet for Trackmania Next x64
[        Platform] [ TRAC] [18:09:49]  (c) Melissa Geels 2016 - 2024
[        Platform] [ TRAC] [18:09:49]  https://openplanet.dev/
[        Platform] [  LOG] [18:09:49]  Openplanet starting on 2025-07-17
[        Platform] [  LOG] [18:09:49]  Engine: 2025-07-04 07:15:08
[        Platform] [  LOG] [18:09:49]  Openplanet: 1.27.12 (next, Public, 2025-07-01)
[        Platform] [ TRAC] [18:09:49]  Identifier: 0x000000006867C5CC
[        Platform] [ TRAC] [18:09:49]  Process ID: 35276
[        Platform] [  LOG] [18:09:49]  Setting up hook callbacks...
[        Platform] [  LOG] [18:09:51]  Semi entry initialization...
[        Platform] [  LOG] [18:09:51]  Update branch: default
[        Platform] [  LOG] [18:09:51]  Requesting app config with timeout 5000...
[        Platform] [  LOG] [18:09:51]  Finding game window..
[        Platform] [ TRAC] [18:09:51]  Window handle: 00280fea ("Trackmania")
[        Platform] [  LOG] [18:09:51]  Attempting automatic detection of game version data for game version 0x000000006867C5CC
[        Platform] [  LOG] [18:09:51]  Autodetecting game version data:
[        Platform] [  LOG] [18:09:51]  Did not find update to install.
[        Platform] [  LOG] [18:09:53]  Initializing meta...
[     WebServices] [  LOG] [18:09:59]  NadeoServices account ID: d2f141a7-b434-47ea-b2c3-2f0ff3ca4e53
[        Platform] [  LOG] [18:10:00]  Loop entry initialization...
[        Platform] [  LOG] [18:10:00]  Hooking WndProc...
[        Platform] [ TRAC] [18:10:00]  Initializing sockets...
[        Platform] [ TRAC] [18:10:00]  Adding user library path...
[        Platform] [  LOG] [18:10:00]  Initializing audio...
[           Audio] [  LOG] [18:10:00]  Setting playback device to "Speakers (Realtek High Definition Audio)"
[        Platform] [  LOG] [18:10:00]  Initializing scripting...
[    ScriptEngine] [  LOG] [18:10:00]  Registered 2647 classes
[        Platform] [ TRAC] [18:10:01]  Writing type definitions to file: "C:\Users\panda/OpenplanetNext/Openplanet.h"
[        Platform] [  LOG] [18:10:01]  Writing json to file: "C:\Users\panda/OpenplanetNext/OpenplanetNext.json"
[        Platform] [  LOG] [18:10:01]  Dumping Openplanet documentation to C:\Users\panda/OpenplanetNext/OpenplanetCore.json
[        Platform] [  LOG] [18:10:01]  Initializing overlay...
[         Overlay] [  LOG] [18:10:01]  Loading user style: C:\Program Files\Epic Games\TrackmaniaNext\Openplanet/DefaultStyle.toml
[        Platform] [  LOG] [18:10:01]  Beginning script engine...
[    ScriptEngine] [  LOG] [18:10:01]  Adding plugins...
[    ScriptEngine] [ TRAC] [18:10:01]  Loaded plugin 'Camera' (version 1.0)
[    ScriptEngine] [ TRAC] [18:10:01]  Loaded plugin 'EditorDeveloper' (version 1.0)
[    ScriptEngine] [ TRAC] [18:10:01]  Loaded plugin 'VehicleState' (version 1.0)
[    ScriptEngine] [ TRAC] [18:10:01]  Loaded zipped plugin 'Dashboard' (version 1.9.7)
[    ScriptEngine] [ TRAC] [18:10:01]  Loaded plugin 'NadeoServices' (version 1.0)
[    ScriptEngine] [ TRAC] [18:10:01]  Loaded zipped plugin 'TMRL_SaveGhost' (version 0.2)
[    ScriptEngine] [ TRAC] [18:10:01]  Loaded plugin 'Finetuner' (version 1.0)
[    ScriptEngine] [ TRAC] [18:10:01]  MLHook.op/:/Logging.as (29, 1) : INFO : Compiling void RenderLogsWindow()
[    ScriptEngine] [ WARN] [18:10:01]  MLHook.op/:/Logging.as (38, 40) : WARN : Signed/Unsigned mismatch
[    ScriptEngine] [ TRAC] [18:10:01]  Loaded zipped plugin 'MLHook' (version 0.5.2)
[    ScriptEngine] [ TRAC] [18:10:01]  MLFeedRaceData.op/:/MLFeed_ExportShared.as (279, 9) : INFO : Compiling int PlayerCpInfo::get_RoyalTA_SegmentFinishedAt(int) const
[    ScriptEngine] [ WARN] [18:10:01]  MLFeedRaceData.op/:/MLFeed_ExportShared.as (280, 44) : WARN : Signed/Unsigned mismatch
[    ScriptEngine] [ TRAC] [18:10:01]  MLFeedRaceData.op/:/Main.as (363, 9) : INFO : Compiling int _PlayerCpInfo::get_RoyalTA_SegmentFinishedAt(int) const
[    ScriptEngine] [ WARN] [18:10:01]  MLFeedRaceData.op/:/Main.as (364, 44) : WARN : Signed/Unsigned mismatch
[   ScriptRuntime] [ERROR] [18:10:01] [MLFeedRaceData]  DEPRECATED: awaitable.WithRunContext() is no longer valid. Use Meta::StartWithRunContext instead.
[   ScriptRuntime] [ERROR] [18:10:01] [MLFeedRaceData]  DEPRECATED: Do not use Meta::PluginCoroutine@! Use awaitable@ instead.
[   ScriptRuntime] [ERROR] [18:10:01] [MLFeedRaceData]      #0  void Internal::ReportPluginCoroutineDeprecation() (C:/Program Files/Epic Games/TrackmaniaNext/Openplanet/Scripts/Compatibility.as line 26)
[   ScriptRuntime] [ERROR] [18:10:01] [MLFeedRaceData]      #1  Meta::PluginCoroutine::PluginCoroutine(awaitable@ awaitable) (C:/Program Files/Epic Games/TrackmaniaNext/Openplanet/Scripts/Compatibility.as line 76)
[   ScriptRuntime] [ERROR] [18:10:01] [MLFeedRaceData]      #2  Meta::PluginCoroutine@ PluginCoroutine(awaitable@ awaitable) (C:/Program Files/Epic Games/TrackmaniaNext/Openplanet/Scripts/Compatibility.as line 0)
[   ScriptRuntime] [ERROR] [18:10:01] [MLFeedRaceData]      #3  void _unnamed_function_() (MLFeedRaceData.op/:/ListUids/ListUids_MLHook.as line 1)
[    ScriptEngine] [ TRAC] [18:10:01]  Loaded zipped plugin 'MLFeedRaceData' (version 0.6.2)
[    ScriptEngine] [ERROR] [18:10:01]  Invalid file hash for "info.toml"
[    ScriptEngine] [ERROR] [18:10:01]  Plugin is not suitable for the current signature mode.
[    ScriptEngine] [ TRAC] [18:10:01]  Loaded plugin 'InfiniteEmbedSize' (version 1.0)
[    ScriptEngine] [ WARN] [18:10:01]  Couldn't find optional plugin dependency "PlayerState" while loading plugin "CheckpointCounter"
[    ScriptEngine] [ TRAC] [18:10:02]  Loaded zipped plugin 'CheckpointCounter' (version 3.1.0)
[    ScriptEngine] [ TRAC] [18:10:02]  Loaded plugin 'UsefulInformation' (version 1.0)
[    ScriptEngine] [ TRAC] [18:10:02]  Loaded plugin 'Stats' (version 1.0)
[    ScriptEngine] [ TRAC] [18:10:02]  Loaded plugin 'ClassicMenu' (version 1.1)
[    ScriptEngine] [ TRAC] [18:10:02]  Loaded plugin 'Controls' (version 1.0)
[    ScriptEngine] [ WARN] [18:10:02]  Couldn't find optional plugin dependency "BetterChat" while loading plugin "ManiaExchange"
[    ScriptEngine] [ WARN] [18:10:02]  Couldn't find optional plugin dependency "ItemExchange" while loading plugin "ManiaExchange"
[    ScriptEngine] [ TRAC] [18:10:02]  Loaded zipped plugin 'ManiaExchange' (version 1.3.2)
[    ScriptEngine] [ TRAC] [18:10:02]  Loaded zipped plugin 'TMRL_GrabData' (version 0.3)
[    ScriptEngine] [ TRAC] [18:10:02]  Loaded plugin 'PluginManager' (version 1.0)
[    ScriptEngine] [ TRAC] [18:10:02]  Loaded plugin 'BigDecor' (version 1.0)
[    ScriptEngine] [ TRAC] [18:10:02]  Loaded plugin 'Discord' (version 1.0)
[    ScriptEngine] [  LOG] [18:10:02]  Adding legacy plugins...
[    ScriptEngine] [ TRAC] [18:10:02]  Loaded legacy plugin 'Plugin_MapAudioFix' (version 1.0)
[    ScriptEngine] [  LOG] [18:10:02]  Plugins added!
[        Platform] [  LOG] [18:10:02]  Initialized!
[   ScriptRuntime] [ERROR] [18:10:02] [MLHook]  DEPRECATED: awaitable.WithRunContext() is no longer valid. Use Meta::StartWithRunContext instead.
[   ScriptRuntime] [ERROR] [18:10:02] [MLHook]  DEPRECATED: awaitable.WithRunContext() is no longer valid. Use Meta::StartWithRunContext instead.
[   ScriptRuntime] [ERROR] [18:10:02] [MLHook]  DEPRECATED: awaitable.WithRunContext() is no longer valid. Use Meta::StartWithRunContext instead.
[   ScriptRuntime] [ERROR] [18:10:02] [MLFeedRaceData]  DEPRECATED: awaitable.WithRunContext() is no longer valid. Use Meta::StartWithRunContext instead.
[   ScriptRuntime] [ERROR] [18:10:02] [MLFeedRaceData]  DEPRECATED: awaitable.WithRunContext() is no longer valid. Use Meta::StartWithRunContext instead.
[   ScriptRuntime] [  LOG] [18:10:02] [CheckpointCounter]  CheckpointCounter lib is not using PlayerState for checkpoint data
[   ScriptRuntime] [ERROR] [18:10:02] [ManiaExchange]  DEPRECATED: Do not use Meta::PluginCoroutine@! Use awaitable@ instead.
[   ScriptRuntime] [ERROR] [18:10:02] [ManiaExchange]      #0  void Internal::ReportPluginCoroutineDeprecation() (C:/Program Files/Epic Games/TrackmaniaNext/Openplanet/Scripts/Compatibility.as line 26)
[   ScriptRuntime] [ERROR] [18:10:02] [ManiaExchange]      #1  Meta::PluginCoroutine::PluginCoroutine(awaitable@ awaitable) (C:/Program Files/Epic Games/TrackmaniaNext/Openplanet/Scripts/Compatibility.as line 76)
[   ScriptRuntime] [ERROR] [18:10:02] [ManiaExchange]      #2  Meta::PluginCoroutine@ PluginCoroutine(awaitable@ awaitable) (C:/Program Files/Epic Games/TrackmaniaNext/Openplanet/Scripts/Compatibility.as line 0)
[   ScriptRuntime] [ERROR] [18:10:02] [ManiaExchange]      #3  void Main() (ManiaExchange.op/:/src/Main.as line 242)
[   ScriptRuntime] [  LOG] [18:10:02] [TMRL_GrabData]  181: Created server socket
[   ScriptRuntime] [  LOG] [18:10:02] [TMRL_GrabData]  181: Server socket ready
[   ScriptRuntime] [ TRAC] [18:10:02] [PluginManager]  Checking for plugin updates..
[   ScriptRuntime] [  LOG] [18:10:02] [Discord]  Initializing Discord...
[   ScriptRuntime] [ TRAC] [18:10:02] [MLFeedRaceData]  registered MLHook event for type: MLHook_Event_ListUids_Pair
[   ScriptRuntime] [ TRAC] [18:10:02] [MLFeedRaceData]  registered MLHook event for type: MLHook_Event_ListUids_Clear
[   ScriptRuntime] [ TRAC] [18:10:02] [MLFeedRaceData]  registered MLHook event for type: MLHook_Event_ListUids_IsReqActive
[   ScriptRuntime] [ TRAC] [18:10:02] [MLFeedRaceData]  registered MLHook event for type: MLHook_Event_ListUids_SliceInfo
[   ScriptRuntime] [ TRAC] [18:10:02] [MLFeedRaceData]  registered MLHook event for type: MLHook_Event_ListUids_OrigMapIx
[   ScriptRuntime] [ TRAC] [18:10:02] [MLFeedRaceData]  registered MLHook event for type: MLHook_Event_ListUids_UidsResp
[   ScriptRuntime] [ TRAC] [18:10:02] [MLFeedRaceData]  registered MLHook event for type: MLHook_Event_RaceStats_PlayerCP
[   ScriptRuntime] [ TRAC] [18:10:02] [MLFeedRaceData]  registered MLHook event for type: MLHook_Event_RaceStats_PlayerLeft
[   ScriptRuntime] [ TRAC] [18:10:02] [MLFeedRaceData]  registered MLHook event for type: MLHook_Event_RaceStats_PlayerRaceTimes
[   ScriptRuntime] [ TRAC] [18:10:02] [MLFeedRaceData]  registered MLHook event for type: MLHook_Event_RaceStats_PlayerInfo
[   ScriptRuntime] [ TRAC] [18:10:02] [MLFeedRaceData]  registered MLHook event for type: MLHook_Event_RaceStats_MatchKeyPair
[   ScriptRuntime] [ TRAC] [18:10:02] [MLFeedRaceData]  registered MLHook event for type: MLHook_Event_RaceStats_COTDQualiInfo
[   ScriptRuntime] [ TRAC] [18:10:02] [MLFeedRaceData]  registered MLHook event for type: MLHook_Event_RaceStats_LapsNb
[   ScriptRuntime] [ TRAC] [18:10:02] [MLFeedRaceData]  registered MLHook event for type: MLHook_Event_RaceStats_Warmup
[   ScriptRuntime] [ TRAC] [18:10:02] [MLFeedRaceData]  registered MLHook event for type: MLHook_Event_RaceStats_PlayerRaceProgression
[   ScriptRuntime] [ TRAC] [18:10:02] [MLFeedRaceData]  registered MLHook event for type: MLHook_Event_MLFeedKOs_PlayerStatus
[   ScriptRuntime] [ TRAC] [18:10:02] [MLFeedRaceData]  registered MLHook event for type: MLHook_Event_MLFeedKOs_MatchKeyPair
[   ScriptRuntime] [ TRAC] [18:10:02] [MLFeedRaceData]  registered MLHook event for type: MLHook_Event_TeamsFeed_MatchKeyPair
[   ScriptRuntime] [ TRAC] [18:10:02] [MLFeedRaceData]  registered MLHook event for type: TMGame_Record_NewRecord
[   ScriptRuntime] [ TRAC] [18:10:02] [MLFeedRaceData]  registered MLHook event for type: MLHook_Event_GhostData
[   ScriptRuntime] [ TRAC] [18:10:02] [MLFeedRaceData]  registered MLHook event for type: MLHook_Event_GhostData_Removed
[   ScriptRuntime] [ WARN] [18:10:03] [PluginManager]  New plugin update available for ManiaExchange: 1.3.2 -> 1.3.3
[   ScriptRuntime] [ WARN] [18:10:03] [PluginManager]  New plugin update available for MLFeed: Race Data: 0.6.2 -> 0.6.3
[   ScriptRuntime] [ WARN] [18:10:03] [PluginManager]  New plugin update available for MLHook & Event Inspector: 0.5.2 -> 0.5.4
[   ScriptRuntime] [  LOG] [18:10:03] [ManiaExchange]  [INFO] 67 tags loaded
[   ScriptRuntime] [  LOG] [18:10:03] [Discord]  Discord is ready: gregonthego (ID 591029649195270149)
[   ScriptRuntime] [  LOG] [18:10:05] [ManiaExchange]  [INFO] 12 vehicles loaded
[   ScriptRuntime] [  LOG] [18:10:06] [ManiaExchange]  [INFO] 33 map sorting orders loaded
[   ScriptRuntime] [  LOG] [18:10:06] [ManiaExchange]  [INFO] 15 mappack sorting orders loaded
[   ScriptRuntime] [  LOG] [18:10:07] [ManiaExchange]  [INFO] 13 map types loaded
[   ScriptRuntime] [  LOG] [18:10:08] [ManiaExchange]  [INFO] 18 seasons loaded
[   ScriptRuntime] [  LOG] [18:10:08] [ManiaExchange]  [INFO] 0 maps loaded from Play Later list.
[   ScriptRuntime] [ TRAC] [18:10:08] [NadeoServices]  Requesting token for audience "NadeoLiveServices"
[   ScriptRuntime] [ TRAC] [18:10:08] [NadeoServices]  Got token for audience "NadeoLiveServices"
[   ScriptRuntime] [  LOG] [18:10:08] [ManiaExchange]  [INFO] NadeoServices - Loading Favorite tracks...
[   ScriptRuntime] [ TRAC] [18:11:40] [MLFeedRaceData]  MLFeedKOs: GM change from:  to TM_Campaign_Local
[   ScriptRuntime] [ TRAC] [18:11:47] [MLHook]  MLHook preparing 8 outbound messages to ML
[        Platform] [  LOG] [18:20:22]  Game is cleanly shutting down
[        Platform] [  LOG] [18:20:22]  Saving settings
[           Audio] [  LOG] [18:20:22]  Shutting down audio engine
[    ScriptEngine] [  LOG] [18:20:22]  Stopping script engine
[    ScriptEngine] [ TRAC] [18:20:22]  Unloading plugin 'Plugin_MapAudioFix'
[    ScriptEngine] [ TRAC] [18:20:22]  Unloading plugin 'Discord'
[    ScriptEngine] [ TRAC] [18:20:22]  Unloading plugin 'BigDecor'
[    ScriptEngine] [ TRAC] [18:20:22]  Unloading plugin 'PluginManager'
[    ScriptEngine] [ TRAC] [18:20:22]  Unloading plugin 'TMRL_GrabData'
[    ScriptEngine] [ TRAC] [18:20:22]  Unloading plugin 'ManiaExchange'
[    ScriptEngine] [ TRAC] [18:20:22]  Unloading plugin 'Controls'
[    ScriptEngine] [ TRAC] [18:20:22]  Unloading plugin 'ClassicMenu'
[    ScriptEngine] [ TRAC] [18:20:22]  Unloading plugin 'Stats'
[    ScriptEngine] [ TRAC] [18:20:22]  Unloading plugin 'UsefulInformation'
[    ScriptEngine] [ TRAC] [18:20:22]  Unloading plugin 'CheckpointCounter'
[    ScriptEngine] [ TRAC] [18:20:22]  Unloading plugin 'InfiniteEmbedSize'
[    ScriptEngine] [ TRAC] [18:20:22]  Unloading plugin 'MLFeedRaceData'
[   ScriptRuntime] [ TRAC] [18:20:22] [MLFeedRaceData]  _Unload, unloading hooks and removing injected ML
[   ScriptRuntime] [ TRAC] [18:20:22] [MLFeedRaceData]  UnregisteredMLHook objects (6) for types: MLHook_Event_ListUids_SliceInfo, MLHook_Event_ListUids_Pair, MLHook_Event_ListUids_Clear, MLHook_Event_ListUids_OrigMapIx, MLHook_Event_ListUids_IsReqActive, MLHook_Event_ListUids_UidsResp
[   ScriptRuntime] [ TRAC] [18:20:22] [MLFeedRaceData]  UnregisteredMLHook objects (9) for types: MLHook_Event_RaceStats_PlayerCP, MLHook_Event_RaceStats_PlayerLeft, MLHook_Event_RaceStats_PlayerRaceTimes, MLHook_Event_RaceStats_PlayerInfo, MLHook_Event_RaceStats_MatchKeyPair, MLHook_Event_RaceStats_COTDQualiInfo, MLHook_Event_RaceStats_LapsNb, MLHook_Event_RaceStats_Warmup, MLHook_Event_RaceStats_PlayerRaceProgression
[   ScriptRuntime] [ TRAC] [18:20:22] [MLFeedRaceData]  UnregisteredMLHook objects (2) for types: MLHook_Event_MLFeedKOs_PlayerStatus, MLHook_Event_MLFeedKOs_MatchKeyPair
[   ScriptRuntime] [ TRAC] [18:20:22] [MLFeedRaceData]  UnregisteredMLHook objects (1) for types: MLHook_Event_TeamsFeed_MatchKeyPair
[   ScriptRuntime] [ TRAC] [18:20:22] [MLFeedRaceData]  UnregisteredMLHook objects (1) for types: TMGame_Record_NewRecord
[   ScriptRuntime] [ TRAC] [18:20:22] [MLFeedRaceData]  UnregisteredMLHook objects (2) for types: MLHook_Event_GhostData, MLHook_Event_GhostData_Removed
[    ScriptEngine] [ TRAC] [18:20:22]  Unloading plugin 'MLHook'
[    ScriptEngine] [ TRAC] [18:20:22]  Unloading plugin 'Finetuner'
[    ScriptEngine] [ TRAC] [18:20:22]  Unloading plugin 'TMRL_SaveGhost'
[    ScriptEngine] [ TRAC] [18:20:22]  Unloading plugin 'NadeoServices'
[    ScriptEngine] [ TRAC] [18:20:22]  Unloading plugin 'Dashboard'
[    ScriptEngine] [ TRAC] [18:20:22]  Unloading plugin 'VehicleState'
[    ScriptEngine] [ TRAC] [18:20:22]  Unloading plugin 'EditorDeveloper'
[    ScriptEngine] [ TRAC] [18:20:22]  Unloading plugin 'Camera'
[    ScriptEngine] [  LOG] [18:20:22]  Releasing script context
